<?xml version="1.0" encoding="UTF-8"?>
<testsuite name="edu.jsu.mcis.ConverterTest" tests="2" skipped="0" failures="0" errors="0" timestamp="2017-02-05T15:11:08" hostname="CM-Storm" time="0.031">
  <properties/>
  <testcase name="testConvertCSVtoJSON" classname="edu.jsu.mcis.ConverterTest" time="0.016"/>
  <testcase name="testConvertJSONtoCSV" classname="edu.jsu.mcis.ConverterTest" time="0.015"/>
  <system-out><![CDATA[{"rowHeaders":["111278","111352","111373","111305","111399","111160","111276","111241"],"data":[[611,146,128,337],[867,227,228,412],[461,96,90,275],[835,220,217,398],[898,226,229,443],[454,77,125,252],[579,130,111,338],[973,236,237,500]],"colHeaders":["Total","Assignment 1","Assignment 2","Exam 1"]}

----------------

"ID","Total","Assignment 1","Assignment 2","Exam 1"
"111278","611","146","128","337"
"111352","867","227","228","412"
"111373","461","96","90","275"
"111305","835","220","217","398"
"111399","898","226","229","443"
"111160","454","77","125","252"
"111276","579","130","111","338"
"111241","973","236","237","500"

{"rowHeaders":["111278","111352","111373","111305","111399","111160","111276","111241"],"data":[[611,146,128,337],[867,227,228,412],[461,96,90,275],[835,220,217,398],[898,226,229,443],[454,77,125,252],[579,130,111,338],[973,236,237,500]],"colHeaders":["Total","Assignment 1","Assignment 2","Exam 1"]}

----------------

"ID","Total","Assignment 1","Assignment 2","Exam 1"
"111278","611","146","128","337"
"111352","867","227","228","412"
"111373","461","96","90","275"
"111305","835","220","217","398"
"111399","898","226","229","443"
"111160","454","77","125","252"
"111276","579","130","111","338"
"111241","973","236","237","500"

]]></system-out>
  <system-err><![CDATA[]]></system-err>
</testsuite>
